out/groundsdk-android/gradle/arsdkengine/outputs/logs/manifest-merger-debug-report.txt
-- Merging decision tree log ---
manifest
ADDED from src/main/AndroidManifest.xml:35:1-49:12
INJECTED from src/main/AndroidManifest.xml:35:1-49:12
INJECTED from src/main/AndroidManifest.xml:35:1-49:12
INJECTED from src/main/AndroidManifest.xml:35:1-49:12
INJECTED from src/main/AndroidManifest.xml:35:1-49:12
INJECTED from src/main/AndroidManifest.xml:35:1-49:12
INJECTED from src/main/AndroidManifest.xml:35:1-49:12
	package
		ADDED from src/main/AndroidManifest.xml:38:5-53
		INJECTED from src/main/AndroidManifest.xml
		INJECTED from src/main/AndroidManifest.xml
	android:versionName
		INJECTED from src/main/AndroidManifest.xml
		ADDED from src/main/AndroidManifest.xml:35:1-49:12
		INJECTED from src/main/AndroidManifest.xml
	xmlns:tools
		ADDED from src/main/AndroidManifest.xml:37:5-51
	android:versionCode
		INJECTED from src/main/AndroidManifest.xml
		ADDED from src/main/AndroidManifest.xml:35:1-49:12
		INJECTED from src/main/AndroidManifest.xml
	xmlns:android
		ADDED from src/main/AndroidManifest.xml:36:5-63
uses-permission#android.permission.INTERNET
ADDED from src/main/AndroidManifest.xml:40:5-66
	android:name
		ADDED from src/main/AndroidManifest.xml:40:22-64
application
ADDED from src/main/AndroidManifest.xml:42:5-48:19
	tools:targetApi
		ADDED from src/main/AndroidManifest.xml:44:9-29
	android:networkSecurityConfig
		ADDED from src/main/AndroidManifest.xml:43:9-69
meta-data#com.parrot.drone.groundsdk.engine.arsdkengine
ADDED from src/main/AndroidManifest.xml:45:9-47:81
	android:value
		ADDED from src/main/AndroidManifest.xml:47:13-79
	android:name
		ADDED from src/main/AndroidManifest.xml:46:13-73
uses-sdk
INJECTED from src/main/AndroidManifest.xml reason: use-sdk injection requested
INJECTED from src/main/AndroidManifest.xml
INJECTED from src/main/AndroidManifest.xml
INJECTED from src/main/AndroidManifest.xml
INJECTED from src/main/AndroidManifest.xml
	android:targetSdkVersion
		INJECTED from src/main/AndroidManifest.xml
		ADDED from src/main/AndroidManifest.xml
		INJECTED from src/main/AndroidManifest.xml
	android:minSdkVersion
		INJECTED from src/main/AndroidManifest.xml
		ADDED from src/main/AndroidManifest.xml
		INJECTED from src/main/AndroidManifest.xml